app/build/outputs/logs/manifest-merger-debug-report.txt
-- Merging decision tree log ---
manifest
ADDED from src/main/AndroidManifest.xml:2:1-134:12
	package
		ADDED from src/main/AndroidManifest.xml:3:11-37
		INJECTED from src/main/AndroidManifest.xml
		INJECTED from src/main/AndroidManifest.xml
	android:versionName
		INJECTED from src/main/AndroidManifest.xml
		INJECTED from src/main/AndroidManifest.xml
	xmlns:android
		ADDED from src/main/AndroidManifest.xml:2:11-69
	android:versionCode
		INJECTED from src/main/AndroidManifest.xml
		INJECTED from src/main/AndroidManifest.xml
uses-permission#android.permission.USE_FINGERPRINT
ADDED from src/main/AndroidManifest.xml:4:9-77
	android:name
		ADDED from src/main/AndroidManifest.xml:4:26-75
uses-permission#android.permission.RECORD_AUDIO
ADDED from src/main/AndroidManifest.xml:5:5-70
MERGED from [:LiteAVSDK_Player_3.0.1203:] AndroidManifest.xml:13:5-71
	android:name
		ADDED from src/main/AndroidManifest.xml:5:22-68
uses-permission#android.permission.WRITE_SETTINGS
ADDED from src/main/AndroidManifest.xml:6:5-72
	android:name
		ADDED from src/main/AndroidManifest.xml:6:22-70
uses-permission#android.permission.CALL_PHONE
ADDED from src/main/AndroidManifest.xml:7:5-68
	android:name
		ADDED from src/main/AndroidManifest.xml:7:22-66
uses-permission#android.permission.READ_EXTERNAL_STORAGE
ADDED from src/main/AndroidManifest.xml:8:5-79
MERGED from [com.yanzhenjie.nohttp:nohttp:1.1.1] AndroidManifest.xml:24:5-80
	android:name
		ADDED from src/main/AndroidManifest.xml:8:22-77
uses-permission#android.permission.INTERNET
ADDED from src/main/AndroidManifest.xml:9:5-66
MERGED from [:LiteAVSDK_Player_3.0.1203:] AndroidManifest.xml:12:5-67
MERGED from [com.yanzhenjie.nohttp:nohttp:1.1.1] AndroidManifest.xml:26:5-67
	android:name
		ADDED from src/main/AndroidManifest.xml:9:22-64
uses-permission#android.permission.RECEIVE_USER_PRESENT
ADDED from src/main/AndroidManifest.xml:10:5-78
	android:name
		ADDED from src/main/AndroidManifest.xml:10:22-76
uses-permission#android.permission.WAKE_LOCK
ADDED from src/main/AndroidManifest.xml:11:5-67
	android:name
		ADDED from src/main/AndroidManifest.xml:11:22-65
uses-permission#android.permission.READ_PHONE_STATE
ADDED from src/main/AndroidManifest.xml:12:5-74
	android:name
		ADDED from src/main/AndroidManifest.xml:12:22-72
uses-permission#android.permission.WRITE_EXTERNAL_STORAGE
ADDED from src/main/AndroidManifest.xml:13:5-80
MERGED from [:LiteAVSDK_Player_3.0.1203:] AndroidManifest.xml:15:5-81
MERGED from [com.yanzhenjie.nohttp:nohttp:1.1.1] AndroidManifest.xml:25:5-81
	android:name
		ADDED from src/main/AndroidManifest.xml:13:22-78
uses-permission#android.permission.VIBRATE
ADDED from src/main/AndroidManifest.xml:14:5-65
	android:name
		ADDED from src/main/AndroidManifest.xml:14:22-63
uses-permission#android.permission.MOUNT_UNMOUNT_FILESYSTEMS
ADDED from src/main/AndroidManifest.xml:15:5-83
MERGED from [:LiteAVSDK_Player_3.0.1203:] AndroidManifest.xml:14:5-84
	android:name
		ADDED from src/main/AndroidManifest.xml:15:22-81
uses-permission#android.permission.CHANGE_WIFI_STATE
ADDED from src/main/AndroidManifest.xml:17:5-75
	android:name
		ADDED from src/main/AndroidManifest.xml:17:22-73
uses-permission#android.permission.ACCESS_LOCATION_EXTRA_COMMANDS
ADDED from src/main/AndroidManifest.xml:18:5-88
	android:name
		ADDED from src/main/AndroidManifest.xml:18:22-86
uses-permission#android.permission.CHANGE_NETWORK_STATE
ADDED from src/main/AndroidManifest.xml:19:5-78
	android:name
		ADDED from src/main/AndroidManifest.xml:19:22-76
uses-permission#android.permission.SYSTEM_ALERT_WINDOW
ADDED from src/main/AndroidManifest.xml:21:5-77
	android:name
		ADDED from src/main/AndroidManifest.xml:21:22-75
uses-permission#android.permission.CAMERA
ADDED from src/main/AndroidManifest.xml:23:5-64
	android:name
		ADDED from src/main/AndroidManifest.xml:23:22-62
uses-permission#android.permission.ACCESS_NETWORK_STATE
ADDED from src/main/AndroidManifest.xml:26:5-78
MERGED from [:LiteAVSDK_Player_3.0.1203:] AndroidManifest.xml:11:5-79
MERGED from [com.yanzhenjie.nohttp:nohttp:1.1.1] AndroidManifest.xml:27:5-79
	android:name
		ADDED from src/main/AndroidManifest.xml:26:22-76
uses-permission#android.permission.ACCESS_WIFI_STATE
ADDED from src/main/AndroidManifest.xml:28:5-75
MERGED from [:LiteAVSDK_Player_3.0.1203:] AndroidManifest.xml:16:5-76
MERGED from [com.yanzhenjie.nohttp:nohttp:1.1.1] AndroidManifest.xml:28:5-76
	android:name
		ADDED from src/main/AndroidManifest.xml:28:22-73
uses-permission#android.permission.GET_TASKS
ADDED from src/main/AndroidManifest.xml:34:5-67
	android:name
		ADDED from src/main/AndroidManifest.xml:34:22-65
uses-permission#android.permission.SET_DEBUG_APP
ADDED from src/main/AndroidManifest.xml:35:5-71
	android:name
		ADDED from src/main/AndroidManifest.xml:35:22-69
uses-permission#android.permission.GET_ACCOUNTS
ADDED from src/main/AndroidManifest.xml:37:5-70
	android:name
		ADDED from src/main/AndroidManifest.xml:37:22-68
uses-permission#android.permission.USE_CREDENTIALS
ADDED from src/main/AndroidManifest.xml:38:5-73
	android:name
		ADDED from src/main/AndroidManifest.xml:38:22-71
uses-permission#android.permission.MANAGE_ACCOUNTS
ADDED from src/main/AndroidManifest.xml:39:5-73
	android:name
		ADDED from src/main/AndroidManifest.xml:39:22-71
uses-permission#android.permission.READ_LOGS
ADDED from src/main/AndroidManifest.xml:40:5-67
	android:name
		ADDED from src/main/AndroidManifest.xml:40:22-65
uses-feature#android.hardware.Camera
ADDED from src/main/AndroidManifest.xml:42:5-59
	android:name
		ADDED from src/main/AndroidManifest.xml:42:19-57
uses-feature#android.hardware.camera.autofocus
ADDED from src/main/AndroidManifest.xml:43:5-69
	android:name
		ADDED from src/main/AndroidManifest.xml:43:19-67
application
ADDED from src/main/AndroidManifest.xml:45:5-132:19
MERGED from [Test:nrl:unspecified] AndroidManifest.xml:11:5-15:19
MERGED from [:LiteAVSDK_Player_3.0.1203:] AndroidManifest.xml:18:5-25:19
MERGED from [com.android.support.constraint:constraint-layout:1.0.0-beta4] AndroidManifest.xml:9:5-20
MERGED from [com.android.support:design:25.0.0] AndroidManifest.xml:25:5-20
MERGED from [com.android.support:transition:25.0.0] AndroidManifest.xml:22:5-20
MERGED from [com.android.support:appcompat-v7:25.0.1] AndroidManifest.xml:25:5-20
MERGED from [com.android.support:support-v4:25.0.1] AndroidManifest.xml:25:5-20
MERGED from [com.android.support:support-fragment:25.0.1] AndroidManifest.xml:25:5-20
MERGED from [com.android.support:support-media-compat:25.0.1] AndroidManifest.xml:25:5-20
MERGED from [com.android.support:support-core-ui:25.0.1] AndroidManifest.xml:25:5-20
MERGED from [com.android.support:support-core-utils:25.0.1] AndroidManifest.xml:25:5-20
MERGED from [com.android.support:animated-vector-drawable:25.0.1] AndroidManifest.xml:22:5-20
MERGED from [com.android.support:support-vector-drawable:25.0.1] AndroidManifest.xml:23:5-20
MERGED from [com.android.support:support-compat:25.0.1] AndroidManifest.xml:25:5-20
	android:label
		ADDED from src/main/AndroidManifest.xml:49:9-41
	android:supportsRtl
		ADDED from src/main/AndroidManifest.xml:51:9-35
	android:roundIcon
		ADDED from src/main/AndroidManifest.xml:50:9-54
	android:allowBackup
		ADDED from src/main/AndroidManifest.xml:47:9-35
	android:icon
		ADDED from src/main/AndroidManifest.xml:48:9-43
	android:theme
		ADDED from src/main/AndroidManifest.xml:52:9-40
	android:name
		ADDED from src/main/AndroidManifest.xml:46:9-30
activity#com.yanftch.test.MainActivity
ADDED from src/main/AndroidManifest.xml:53:9-56:20
	android:launchMode
		ADDED from src/main/AndroidManifest.xml:55:13-44
	android:name
		ADDED from src/main/AndroidManifest.xml:54:13-41
activity#com.yanftch.test.keyboard.KeyboardActivity
ADDED from src/main/AndroidManifest.xml:57:9-59:20
	android:name
		ADDED from src/main/AndroidManifest.xml:57:19-60
activity#com.yanftch.test.my_profit.MyProfitActivity
ADDED from src/main/AndroidManifest.xml:60:9-61:20
	android:name
		ADDED from src/main/AndroidManifest.xml:60:19-61
activity#com.yanftch.test.my_profit.WithDrawMoneryActivity
ADDED from src/main/AndroidManifest.xml:62:9-69
	android:name
		ADDED from src/main/AndroidManifest.xml:62:19-67
activity#com.yanftch.test.event_bus.EventBus1Activity
ADDED from src/main/AndroidManifest.xml:63:9-64
	android:name
		ADDED from src/main/AndroidManifest.xml:63:19-62
activity#com.yanftch.test.event_bus.EventBus2Activity
ADDED from src/main/AndroidManifest.xml:64:9-64
	android:name
		ADDED from src/main/AndroidManifest.xml:64:19-62
activity#com.yanftch.test.my_profit.EarningsDetailsActivity
ADDED from src/main/AndroidManifest.xml:65:9-70
	android:name
		ADDED from src/main/AndroidManifest.xml:65:19-68
activity#com.yanftch.test.recyclerview.RvActivity
ADDED from src/main/AndroidManifest.xml:66:9-67:20
	android:name
		ADDED from src/main/AndroidManifest.xml:66:19-58
activity#com.yanftch.test.vp.ViewPagerrActivity
ADDED from src/main/AndroidManifest.xml:68:9-69:20
	android:name
		ADDED from src/main/AndroidManifest.xml:68:19-56
activity#com.yanftch.test.choice.ListViewChoiceActivity
ADDED from src/main/AndroidManifest.xml:70:9-71:20
	android:name
		ADDED from src/main/AndroidManifest.xml:70:19-64
activity#com.yanftch.test.swap_menu_lv.ListViewActivity
ADDED from src/main/AndroidManifest.xml:72:9-73:20
	android:name
		ADDED from src/main/AndroidManifest.xml:72:19-64
activity#com.yanftch.test.indicator.IndicatorActivity
ADDED from src/main/AndroidManifest.xml:74:9-75:20
	android:name
		ADDED from src/main/AndroidManifest.xml:74:19-62
activity#com.yanftch.test.Main2Activity
ADDED from src/main/AndroidManifest.xml:76:9-77:20
	android:name
		ADDED from src/main/AndroidManifest.xml:76:19-48
activity#com.yanftch.test.tab.TabChangeActivity
ADDED from src/main/AndroidManifest.xml:78:9-79:20
	android:name
		ADDED from src/main/AndroidManifest.xml:78:19-56
activity#com.yanftch.test.pullrefresh.PullActivity
ADDED from src/main/AndroidManifest.xml:80:9-81:20
	android:name
		ADDED from src/main/AndroidManifest.xml:80:19-59
activity#com.yanftch.test.xlistview.XListViewActivity
ADDED from src/main/AndroidManifest.xml:82:9-83:20
	android:name
		ADDED from src/main/AndroidManifest.xml:82:19-62
activity#com.yanftch.test.diy_listview.DiyListViewActivity
ADDED from src/main/AndroidManifest.xml:84:9-85:20
	android:name
		ADDED from src/main/AndroidManifest.xml:84:19-67
activity#com.yanftch.test.rsa.RSAActivity
ADDED from src/main/AndroidManifest.xml:86:9-87:20
	android:name
		ADDED from src/main/AndroidManifest.xml:86:19-50
activity#com.yanftch.test.calendar.CalendarActivity
ADDED from src/main/AndroidManifest.xml:88:9-89:20
	android:name
		ADDED from src/main/AndroidManifest.xml:88:19-60
activity#com.yanftch.test.calendar_sign.SignCalendarActivity
ADDED from src/main/AndroidManifest.xml:90:9-91:20
	android:name
		ADDED from src/main/AndroidManifest.xml:90:19-69
activity#com.yanftch.test.rxjava2.RxJavaActivity
ADDED from src/main/AndroidManifest.xml:92:9-93:20
	android:name
		ADDED from src/main/AndroidManifest.xml:92:19-57
activity#com.yanftch.test.header_rv.RvHeaderFooterActivity
ADDED from src/main/AndroidManifest.xml:94:9-95:20
	android:name
		ADDED from src/main/AndroidManifest.xml:94:19-67
activity#com.yanftch.test.nohttp.NohttpActivity
ADDED from src/main/AndroidManifest.xml:96:9-97:20
	android:name
		ADDED from src/main/AndroidManifest.xml:96:19-56
activity#com.yanftch.test.tencent_player.PlayerActivity
ADDED from src/main/AndroidManifest.xml:98:9-99:20
	android:name
		ADDED from src/main/AndroidManifest.xml:98:19-64
activity#com.yanftch.test.tencent_cloud.BeginActivity
ADDED from src/main/AndroidManifest.xml:100:9-101:20
	android:name
		ADDED from src/main/AndroidManifest.xml:100:19-62
activity#com.yanftch.test.tencent_player.PlayActivity
ADDED from src/main/AndroidManifest.xml:102:9-103:20
	android:name
		ADDED from src/main/AndroidManifest.xml:102:19-62
activity#com.yanftch.test.flowlayout.FlowLayoutActivity
ADDED from src/main/AndroidManifest.xml:104:9-105:20
	android:name
		ADDED from src/main/AndroidManifest.xml:104:19-64
activity#com.yanftch.test.ArcImageView.ArcImageViewActivity
ADDED from src/main/AndroidManifest.xml:106:9-107:20
	android:name
		ADDED from src/main/AndroidManifest.xml:106:19-68
activity#com.yanftch.test.design.CoordinatorLayoutActivity
ADDED from src/main/AndroidManifest.xml:108:9-109:20
	android:name
		ADDED from src/main/AndroidManifest.xml:108:19-67
activity#com.yanftch.test.title_bar.TitleBarActivity
ADDED from src/main/AndroidManifest.xml:110:9-111:20
	android:name
		ADDED from src/main/AndroidManifest.xml:110:19-61
activity#com.yanftch.test.mvp.MVPActivity
ADDED from src/main/AndroidManifest.xml:112:9-113:20
	android:name
		ADDED from src/main/AndroidManifest.xml:112:19-50
activity#com.yanftch.test.mvp_new.mvp1.Mvp1Activity
ADDED from src/main/AndroidManifest.xml:114:9-115:20
	android:name
		ADDED from src/main/AndroidManifest.xml:114:19-60
activity#com.yanftch.test.mvp_new.mvp2.Mvp2Activity
ADDED from src/main/AndroidManifest.xml:116:9-117:20
	android:name
		ADDED from src/main/AndroidManifest.xml:116:19-60
activity#com.yanftch.test.pop_location.PopLocationActivity
ADDED from src/main/AndroidManifest.xml:118:9-119:20
	android:name
		ADDED from src/main/AndroidManifest.xml:118:19-67
activity#com.yanftch.test.circleProgressView.CircleSeekBarActivity
ADDED from src/main/AndroidManifest.xml:120:9-121:20
	android:name
		ADDED from src/main/AndroidManifest.xml:120:19-75
service#com.yanftch.test.circleProgressView.MyService
ADDED from src/main/AndroidManifest.xml:123:9-64
	android:name
		ADDED from src/main/AndroidManifest.xml:123:18-62
activity#com.yanftch.test.finger.FingerActivity
ADDED from src/main/AndroidManifest.xml:125:9-131:20
	android:name
		ADDED from src/main/AndroidManifest.xml:125:19-56
intent-filter#android.intent.action.MAIN+android.intent.category.LAUNCHER
ADDED from src/main/AndroidManifest.xml:126:13-130:29
action#android.intent.action.MAIN
ADDED from src/main/AndroidManifest.xml:127:17-68
	android:name
		ADDED from src/main/AndroidManifest.xml:127:25-66
category#android.intent.category.LAUNCHER
ADDED from src/main/AndroidManifest.xml:129:17-76
	android:name
		ADDED from src/main/AndroidManifest.xml:129:27-74
uses-sdk
INJECTED from src/main/AndroidManifest.xml reason: use-sdk injection requested
MERGED from [Test:library:unspecified] AndroidManifest.xml:6:5-8:41
MERGED from [com.android.databinding:adapters:1.3.1] AndroidManifest.xml:22:5-24:41
MERGED from [com.android.databinding:library:1.3.1] AndroidManifest.xml:22:5-24:41
MERGED from [Test:nrl:unspecified] AndroidManifest.xml:7:5-9:41
MERGED from [:LiteAVSDK_Player_3.0.1203:] AndroidManifest.xml:7:5-9:41
MERGED from [com.android.support.constraint:constraint-layout:1.0.0-beta4] AndroidManifest.xml:5:5-7:41
MERGED from [jp.wasabeef:glide-transformations:3.0.1] AndroidManifest.xml:8:5-10:41
MERGED from [com.android.support:design:25.0.0] AndroidManifest.xml:21:5-23:62
MERGED from [com.android.support:recyclerview-v7:25.0.0] AndroidManifest.xml:20:5-43
MERGED from [com.android.support:transition:25.0.0] AndroidManifest.xml:20:5-44
MERGED from [com.yanzhenjie.nohttp:okhttp:1.1.1] AndroidManifest.xml:21:5-23:41
MERGED from [com.yanzhenjie.nohttp:nohttp:1.1.1] AndroidManifest.xml:20:5-22:41
MERGED from [com.android.support:appcompat-v7:25.0.1] AndroidManifest.xml:21:5-23:78
MERGED from [com.android.support:support-v4:25.0.1] AndroidManifest.xml:21:5-23:54
MERGED from [com.android.support:support-fragment:25.0.1] AndroidManifest.xml:21:5-23:60
MERGED from [com.android.support:support-media-compat:25.0.1] AndroidManifest.xml:21:5-23:63
MERGED from [com.android.support:support-core-ui:25.0.1] AndroidManifest.xml:21:5-23:58
MERGED from [com.android.support:support-core-utils:25.0.1] AndroidManifest.xml:21:5-23:61
MERGED from [com.android.support:animated-vector-drawable:25.0.1] AndroidManifest.xml:20:5-44
MERGED from [com.android.support:support-vector-drawable:25.0.1] AndroidManifest.xml:21:5-43
MERGED from [com.android.support:support-compat:25.0.1] AndroidManifest.xml:21:5-23:58
MERGED from [io.reactivex:rxandroid:1.2.1] AndroidManifest.xml:19:5-43
MERGED from [com.jakewharton:butterknife:8.1.0] AndroidManifest.xml:5:5-43
	tools:overrideLibrary
		ADDED from [com.android.support:design:25.0.0] AndroidManifest.xml:23:9-59
	android:targetSdkVersion
		INJECTED from src/main/AndroidManifest.xml
		INJECTED from src/main/AndroidManifest.xml
	android:minSdkVersion
		INJECTED from src/main/AndroidManifest.xml
		INJECTED from src/main/AndroidManifest.xml
meta-data#com.tencent.rdm.uuid
ADDED from [:LiteAVSDK_Player_3.0.1203:] AndroidManifest.xml:22:9-24:68
	android:value
		ADDED from [:LiteAVSDK_Player_3.0.1203:] AndroidManifest.xml:24:13-65
	android:name
		ADDED from [:LiteAVSDK_Player_3.0.1203:] AndroidManifest.xml:23:13-48